<?xml version="1.0" encoding="UTF-8"?>
<!-- Generated by org.testng.reporters.JUnitReportReporter -->
<testsuite name="selenium.NaukriSearch" tests="3" time="0.154" ignored="0" failures="0" timestamp="12 Jan 2017 06:26:32 GMT" skipped="0" hostname="sony-VAIO" errors="0">
  <testcase name="TestSearch" time="0.002" classname="selenium.NaukriSearch"/>
  <testcase name="TestSearch" time="0.149" classname="selenium.NaukriSearch"/>
  <testcase name="TestSearch" time="0.003" classname="selenium.NaukriSearch"/>
</testsuite> <!-- selenium.NaukriSearch -->
