<?xml version="1.0" encoding="UTF-8"?>
<!-- Generated by org.testng.reporters.JUnitReportReporter -->
<testsuite name="selenium.LoginClass1$LoginClass" tests="2" time="38.813" ignored="0" failures="0" timestamp="22 Dec 2016 08:02:40 GMT" skipped="0" hostname="sony-VAIO" errors="0">
  <testcase name="Test_Naukri_Search" time="19.197" classname="selenium.LoginClass1$LoginClass"/>
  <testcase name="Test_Exp_list_Count" time="19.616" classname="selenium.LoginClass1$LoginClass"/>
</testsuite> <!-- selenium.LoginClass1$LoginClass -->
