<?xml version="1.0" encoding="UTF-8"?>
<!-- Generated by org.testng.reporters.JUnitReportReporter -->
<testsuite name="selenium.LoginClass1" tests="2" time="0.001" ignored="0" failures="0" timestamp="22 Dec 2016 08:02:40 GMT" skipped="0" hostname="sony-VAIO" errors="0">
  <testcase name="TestRegister" time="0.001" classname="selenium.LoginClass1"/>
  <testcase name="Test4Confirm" time="0.000" classname="selenium.LoginClass1"/>
</testsuite> <!-- selenium.LoginClass1 -->
